DSDA_map1_3_5 score 0.0833333333333
DSDA_map1_8_8 score 0.03125
DSDA_map1_7_6 score 0.0454545454545
CSDA_map1_3_5 score 0.187143258164
CSDA_map1_8_8 score 0.069834840602
CSDA_map1_7_6 score 0.121958656016
DSPA_map1_3_5 score 0.0999563492063
DSPA_map1_8_8 score 0.0137855528974
DSPA_map1_7_6 score 0.0472473539532
DSDA_map2_3_1 score 0.125
DSDA_map2_5_5 score 0.0357142857143
DSDA_map2_9_8 score 0.0555555555556
DSDA_map2_3_7 score 0.0625
DSDA_map2_1_1 score 0.0192307692308
CSDA_map2_3_1 score 0.316205533597
CSDA_map2_5_5 score 0.0990883868411
CSDA_map2_9_8 score 0.129299198345
CSDA_map2_3_7 score 0.120692776537
CSDA_map2_1_1 score 0.045071946094
DSPA_map2_3_1 score 0.128257936508
DSPA_map2_5_5 score 0.0255298493777
DSPA_map2_9_8 score 0.0423214285714
DSPA_map2_3_7 score 0.0612191648931
DSPA_map2_1_1 score 0.00403808196912
DSDA_map3_6_1 score 0.0714285714286
DSDA_map3_5_7 score 0.0416666666667
DSDA_map3_3_7 score 0.0416666666667
DSDA_map3_1_9 score 0.0416666666667
DSDA_map3_4_5 score 0.0217391304348
DSDA_map3_1_1 score 0.025
CSDA_map3_6_1 score 0.176725280551
CSDA_map3_5_7 score 0.0989056094316
CSDA_map3_3_7 score 0.101028980163
CSDA_map3_1_9 score 0.0918062887308
CSDA_map3_4_5 score 0.0521595351542
CSDA_map3_1_1 score 0.0602355208867
DSPA_map3_6_1 score 0.0663632478632
DSPA_map3_5_7 score 0.0295616883117
DSPA_map3_3_7 score 0.0211844354476
DSPA_map3_1_9 score 0.0198300653595
DSPA_map3_4_5 score 0.00439530812325
DSPA_map3_1_1 score 0.0131235137648
DSDA_map4_1_1 score 0.0555555555556
DSDA_map4_9_9 score 0.0714285714286
DSDA_map4_9_1 score 0.0333333333333
DSDA_map4_7_1 score 0.0384615384615
DSDA_map4_5_5 score 0.0714285714286
DSDA_map4_5_2 score 0.05
CSDA_map4_1_1 score 0.124031007752
CSDA_map4_9_9 score 0.142857142857
CSDA_map4_9_1 score 0.0875618405499
CSDA_map4_7_1 score 0.09721952168
CSDA_map4_5_5 score 0.190273232362
CSDA_map4_5_2 score 0.123061777012
DSPA_map4_1_1 score 0.0718922045447
DSPA_map4_9_9 score 0.0744645431967
DSPA_map4_9_1 score 0.0451642756968
DSPA_map4_7_1 score 0.0458209297685
DSPA_map4_5_5 score 0.0753591269841
DSPA_map4_5_2 score 0.0381544523588
DSDA_com1building_35_7 score 0.0555555555556
DSDA_com1building_48_3 score 0.0208333333333
DSDA_com1building_40_1 score 0.0277777777778
DSDA_com1building_36_10 score 0.0384615384615
DSDA_com1building_30_16 score 0.0151515151515
DSDA_com1building_20_1 score 0.025
DSDA_com1building_48_18 score 0.0151515151515
DSDA_com1building_1_1 score 0.00909090909091
DSDA_com1building_13_18 score 0.0147058823529
CSDA_com1building_35_7 score 0.143317807238
CSDA_com1building_48_3 score 0.0498802873105
CSDA_com1building_40_1 score 0.0633432571103
CSDA_com1building_36_10 score 0.103821675889
CSDA_com1building_30_16 score 0.037080297384
CSDA_com1building_20_1 score 0.0645550703166
CSDA_com1building_48_18 score 0.0412195207406
CSDA_com1building_1_1 score 0.0236848961417
CSDA_com1building_13_18 score 0.0397432585498
DSPA_com1building_35_7 score 0.0777733253159
DSPA_com1building_48_3 score 0.0293917454455
DSPA_com1building_40_1 score 0.0336885798676
DSPA_com1building_36_10 score 0.0517624458874
DSPA_com1building_30_16 score 0.0152472152736
DSPA_com1building_20_1 score 0.0334124686875
DSPA_com1building_48_18 score 0.0206446991394
DSPA_com1building_1_1 score 0.0111869159533
DSPA_com1building_13_18 score 0.022499191883
{'DSPA_map3_4_5': 0.0043953081232492993, 'DSDA_map3_1_9': 0.041666666666666664, 'DSPA_map3_3_7': 0.021184435447593346, 'DSDA_map3_1_1': 0.025000000000000001, 'DSPA_com1building_36_10': 0.051762445887445885, 'DSPA_map3_6_1': 0.066363247863247862, 'DSDA_map3_3_7': 0.041666666666666664, 'DSDA_com1building_1_1': 0.0090909090909090905, 'DSDA_map3_4_5': 0.021739130434782608, 'CSDA_map2_3_7': 0.12069277653732423, 'DSDA_com1building_30_16': 0.015151515151515152, 'DSDA_map4_5_5': 0.071428571428571425, 'DSPA_com1building_48_18': 0.020644699139376974, 'DSDA_map4_5_2': 0.050000000000000003, 'DSDA_map1_8_8': 0.03125, 'DSPA_map1_8_8': 0.013785552897395003, 'DSDA_map4_1_1': 0.055555555555555552, 'CSDA_com1building_13_18': 0.039743258549768498, 'CSDA_com1building_48_3': 0.049880287310454907, 'DSDA_map3_6_1': 0.071428571428571425, 'DSDA_map2_1_1': 0.019230769230769232, 'DSDA_map2_3_1': 0.125, 'DSDA_map2_3_7': 0.0625, 'CSDA_com1building_1_1': 0.023684896141730416, 'CSDA_map4_1_1': 0.12403100775193798, 'CSDA_com1building_20_1': 0.064555070316610341, 'DSPA_com1building_1_1': 0.011186915953292242, 'CSDA_map1_3_5': 0.18714325816412464, 'DSDA_com1building_40_1': 0.027777777777777776, 'DSPA_map3_1_9': 0.019830065359477126, 'DSPA_map3_1_1': 0.013123513764818113, 'DSDA_map1_7_6': 0.045454545454545456, 'CSDA_map3_3_7': 0.10102898016295973, 'CSDA_map4_9_1': 0.087561840549888359, 'CSDA_map3_1_9': 0.091806288730778063, 'CSDA_map4_9_9': 0.14285714285714285, 'DSDA_map2_5_5': 0.035714285714285712, 'CSDA_map3_1_1': 0.060235520886666859, 'DSPA_map3_5_7': 0.029561688311688313, 'DSPA_com1building_20_1': 0.033412468687542995, 'DSDA_com1building_35_7': 0.055555555555555552, 'CSDA_map4_5_5': 0.19027323236167137, 'CSDA_map4_5_2': 0.12306177701206006, 'CSDA_map2_5_5': 0.09908838684106222, 'CSDA_map1_7_6': 0.12195865601561071, 'DSDA_map2_9_8': 0.055555555555555552, 'CSDA_map4_7_1': 0.097219521679953319, 'CSDA_com1building_30_16': 0.037080297383985023, 'DSPA_com1building_48_3': 0.029391745445488254, 'DSDA_map1_3_5': 0.083333333333333329, 'DSPA_map4_5_2': 0.038154452358786728, 'DSPA_map4_5_5': 0.075359126984126973, 'DSPA_com1building_35_7': 0.077773325315894981, 'CSDA_map3_5_7': 0.098905609431638924, 'DSPA_map2_1_1': 0.0040380819691164518, 'CSDA_map2_3_1': 0.31620553359683795, 'DSDA_com1building_48_18': 0.015151515151515152, 'DSDA_com1building_13_18': 0.014705882352941176, 'DSPA_map2_3_7': 0.061219164893077931, 'DSPA_map2_3_1': 0.12825793650793646, 'CSDA_map2_1_1': 0.045071946093952472, 'CSDA_map3_6_1': 0.17672528055138287, 'CSDA_com1building_35_7': 0.14331780723754928, 'DSPA_map2_5_5': 0.025529849377675457, 'DSPA_com1building_40_1': 0.033688579867608134, 'DSPA_map1_3_5': 0.099956349206349188, 'CSDA_com1building_36_10': 0.1038216758894922, 'CSDA_map2_9_8': 0.12929919834497025, 'DSDA_com1building_20_1': 0.025000000000000001, 'DSDA_com1building_36_10': 0.038461538461538464, 'DSPA_map4_1_1': 0.071892204544681315, 'CSDA_map1_8_8': 0.069834840601976325, 'DSPA_map1_7_6': 0.047247353953236294, 'DSPA_map4_7_1': 0.045820929768450543, 'DSPA_map4_9_9': 0.074464543196741326, 'DSDA_map3_5_7': 0.041666666666666664, 'CSDA_com1building_40_1': 0.063343257110280618, 'DSDA_com1building_48_3': 0.020833333333333332, 'CSDA_map3_4_5': 0.052159535154222711, 'CSDA_com1building_48_18': 0.04121952074063235, 'DSDA_map4_9_1': 0.033333333333333333, 'DSPA_map4_9_1': 0.045164275696831895, 'DSPA_map2_9_8': 0.042321428571428558, 'DSDA_map4_9_9': 0.071428571428571425, 'DSPA_com1building_13_18': 0.022499191882958645, 'DSDA_map4_7_1': 0.038461538461538464, 'DSPA_com1building_30_16': 0.015247215273606679}
