./CSDA_map1_3_5_0.txt score 0.193592101442
./CSDA_map1_3_5_1.txt score 0.194306810454
./CSDA_map1_3_5_2.txt score 0.191644308164
./CSDA_map1_3_5_3.txt score 0.194666147557
./CSDA_map1_3_5_4.txt score 0.189591430467
./CSDA_map1_8_8_0.txt score -1
./CSDA_map1_8_8_1.txt score 0.0703605980651
./CSDA_map1_8_8_2.txt score 0.0712461304445
./CSDA_map1_8_8_3.txt score 0.0708639376964
./CSDA_map1_8_8_4.txt score -1
./CSDA_map1_7_6_0.txt score -1
./CSDA_map1_7_6_1.txt score 0.123312164745
./CSDA_map1_7_6_2.txt score 0.123479656727
./CSDA_map1_7_6_3.txt score 0.12353304509
./CSDA_map1_7_6_4.txt score 0.122511485452
./CSDA_map2_3_1_0.txt score 0.316205533597
./CSDA_map2_3_1_1.txt score 0.316205533597
./CSDA_map2_3_1_2.txt score 0.316205533597
./CSDA_map2_3_1_3.txt score 0.316205533597
./CSDA_map2_3_1_4.txt score 0.316205533597
./CSDA_map2_5_5_0.txt score -1
./CSDA_map2_5_5_1.txt score -1
./CSDA_map2_5_5_2.txt score 0.100124655196
./CSDA_map2_5_5_3.txt score -1
./CSDA_map2_5_5_4.txt score -1
./CSDA_map2_9_8_0.txt score 0.132802124834
./CSDA_map2_9_8_1.txt score 0.13289919596
./CSDA_map2_9_8_2.txt score -1
./CSDA_map2_9_8_3.txt score 0.133271140135
./CSDA_map2_9_8_4.txt score 0.132511760419
./CSDA_map2_3_7_0.txt score 0.154846701765
./CSDA_map2_3_7_1.txt score 0.148588410104
./CSDA_map2_3_7_2.txt score 0.157198101047
./CSDA_map2_3_7_3.txt score 0.123601755145
./CSDA_map2_3_7_4.txt score 0.15320974414
./CSDA_map2_1_1_0.txt score -1
./CSDA_map2_1_1_1.txt score -1
./CSDA_map2_1_1_2.txt score -1
./CSDA_map2_1_1_3.txt score 0.0462308026592
./CSDA_map2_1_1_4.txt score -1
./CSDA_map3_6_1_0.txt score 0.18053800325
./CSDA_map3_6_1_1.txt score -1
./CSDA_map3_6_1_2.txt score 0.184297825286
./CSDA_map3_6_1_3.txt score 0.183941874368
./CSDA_map3_6_1_4.txt score -1
./CSDA_map3_5_7_0.txt score 0.106304776858
./CSDA_map3_5_7_1.txt score -1
./CSDA_map3_5_7_2.txt score -1
./CSDA_map3_5_7_3.txt score -1
./CSDA_map3_5_7_4.txt score -1
./CSDA_map3_3_7_0.txt score -1
./CSDA_map3_3_7_1.txt score -1
./CSDA_map3_3_7_2.txt score -1
./CSDA_map3_3_7_3.txt score 0.104318798247
./CSDA_map3_3_7_4.txt score -1
./CSDA_map3_1_9_0.txt score 0.0918062887308
./CSDA_map3_1_9_1.txt score 0.092675829217
./CSDA_map3_1_9_2.txt score 0.093848247384
./CSDA_map3_1_9_3.txt score -1
./CSDA_map3_1_9_4.txt score -1
./CSDA_map3_4_5_0.txt score -1
./CSDA_map3_4_5_1.txt score -1
./CSDA_map3_4_5_2.txt score 0.0538798619167
./CSDA_map3_4_5_3.txt score -1
./CSDA_map3_4_5_4.txt score 0.0536796025562
./CSDA_map3_1_1_0.txt score 0.0618496126668
./CSDA_map3_1_1_1.txt score -1
./CSDA_map3_1_1_2.txt score -1
./CSDA_map3_1_1_3.txt score -1
./CSDA_map3_1_1_4.txt score -1
./CSDA_map4_1_1_0.txt score 0.124031007752
./CSDA_map4_1_1_1.txt score 0.124031007752
./CSDA_map4_1_1_2.txt score 0.124031007752
./CSDA_map4_1_1_3.txt score 0.124031007752
./CSDA_map4_1_1_4.txt score 0.124031007752
./CSDA_map4_9_9_0.txt score 0.142857142857
./CSDA_map4_9_9_1.txt score 0.142857142857
./CSDA_map4_9_9_2.txt score 0.142857142857
./CSDA_map4_9_9_3.txt score 0.142857142857
./CSDA_map4_9_9_4.txt score 0.142857142857
./CSDA_map4_9_1_0.txt score 0.0887075312694
./CSDA_map4_9_1_1.txt score -1
./CSDA_map4_9_1_2.txt score 0.0875618405499
./CSDA_map4_9_1_3.txt score 0.0881406725133
./CSDA_map4_9_1_4.txt score -1
./CSDA_map4_7_1_0.txt score 0.0989271352186
./CSDA_map4_7_1_1.txt score -1
./CSDA_map4_7_1_2.txt score -1
./CSDA_map4_7_1_3.txt score 0.0992309600595
./CSDA_map4_7_1_4.txt score -1
./CSDA_map4_5_5_0.txt score 0.194231329513
./CSDA_map4_5_5_1.txt score -1
./CSDA_map4_5_5_2.txt score 0.19617459539
./CSDA_map4_5_5_3.txt score 0.196020778202
./CSDA_map4_5_5_4.txt score 0.195842268637
./CSDA_map4_5_2_0.txt score 0.124056396038
./CSDA_map4_5_2_1.txt score 0.123061777012
./CSDA_map4_5_2_2.txt score -1
./CSDA_map4_5_2_3.txt score -1
./CSDA_map4_5_2_4.txt score 0.123183050012
./CSDA_com1building_35_7_0.txt score 0.143317807238
./CSDA_com1building_35_7_1.txt score 0.145064190904
./CSDA_com1building_35_7_2.txt score 0.145327713995
./CSDA_com1building_35_7_3.txt score 0.143575017947
./CSDA_com1building_35_7_4.txt score 0.145127349249
./CSDA_com1building_48_3_0.txt score 0.0503131996679
./CSDA_com1building_48_3_1.txt score -1
./CSDA_com1building_48_3_2.txt score 0.0502651486592
./CSDA_com1building_48_3_3.txt score 0.0501605136437
./CSDA_com1building_48_3_4.txt score -1
./CSDA_com1building_40_1_0.txt score -1
./CSDA_com1building_40_1_1.txt score -1
./CSDA_com1building_40_1_2.txt score 0.0637389253617
./CSDA_com1building_40_1_3.txt score 0.0640430369208
./CSDA_com1building_40_1_4.txt score -1
./CSDA_com1building_36_10_0.txt score 0.103923096908
./CSDA_com1building_36_10_1.txt score -1
./CSDA_com1building_36_10_2.txt score 0.104340567613
./CSDA_com1building_36_10_3.txt score 0.103821675889
./CSDA_com1building_36_10_4.txt score 0.104047445635
./CSDA_com1building_30_16_0.txt score 0.0377508069235
./CSDA_com1building_30_16_1.txt score 0.0378658790564
./CSDA_com1building_30_16_2.txt score 0.0378149036098
./CSDA_com1building_30_16_3.txt score 0.0378716869375
./CSDA_com1building_30_16_4.txt score -1
./CSDA_com1building_20_1_0.txt score 0.0650258477745
./CSDA_com1building_20_1_1.txt score -1
./CSDA_com1building_20_1_2.txt score 0.0649814802781
./CSDA_com1building_20_1_3.txt score -1
./CSDA_com1building_20_1_4.txt score 0.0646130486052
./CSDA_com1building_48_18_0.txt score 0.0413688967949
./CSDA_com1building_48_18_1.txt score 0.0413154850438
./CSDA_com1building_48_18_2.txt score 0.0412810330166
./CSDA_com1building_48_18_3.txt score 0.0412847824292
./CSDA_com1building_48_18_4.txt score 0.0413060988455
./CSDA_com1building_1_1_0.txt score -1
./CSDA_com1building_1_1_1.txt score -1
./CSDA_com1building_1_1_2.txt score 0.0238752375586
./CSDA_com1building_1_1_3.txt score 0.0239374753145
./CSDA_com1building_1_1_4.txt score -1
./CSDA_com1building_13_18_0.txt score -1
./CSDA_com1building_13_18_1.txt score 0.0399803296778
./CSDA_com1building_13_18_2.txt score 0.0400696410361
./CSDA_com1building_13_18_3.txt score -1
./CSDA_com1building_13_18_4.txt score 0.040071326962
{'./CSDA_map3_3_7_3.txt': 0.10431879824744418, './CSDA_map4_5_5_2.txt': 0.19617459538989704, './CSDA_com1building_35_7_3.txt': 0.14357501794687724, './CSDA_map4_5_2_1.txt': 0.12306177701206006, './CSDA_map2_3_7_3.txt': 0.12360175514492305, './CSDA_com1building_40_1_1.txt': -1, './CSDA_map2_3_7_0.txt': 0.15484670176525239, './CSDA_map1_8_8_1.txt': 0.070360598065083546, './CSDA_com1building_35_7_0.txt': 0.14331780723754928, './CSDA_com1building_20_1_3.txt': -1, './CSDA_map4_7_1_1.txt': -1, './CSDA_map1_7_6_4.txt': 0.12251148545176108, './CSDA_com1building_40_1_2.txt': 0.063738925361718407, './CSDA_map4_5_2_2.txt': -1, './CSDA_map2_3_1_4.txt': 0.31620553359683795, './CSDA_map3_3_7_0.txt': -1, './CSDA_map2_9_8_4.txt': 0.13251176041873716, './CSDA_map2_9_8_2.txt': -1, './CSDA_com1building_20_1_4.txt': 0.064613048605165813, './CSDA_map4_9_9_1.txt': 0.14285714285714285, './CSDA_map2_9_8_0.txt': 0.13280212483399734, './CSDA_com1building_36_10_1.txt': -1, './CSDA_map4_1_1_0.txt': 0.12403100775193798, './CSDA_com1building_48_3_0.txt': 0.050313199667932886, './CSDA_map4_9_1_0.txt': 0.088707531269404755, './CSDA_com1building_40_1_4.txt': -1, './CSDA_map3_4_5_1.txt': -1, './CSDA_map1_3_5_1.txt': 0.19430681045370643, './CSDA_map4_5_5_1.txt': -1, './CSDA_com1building_30_16_0.txt': 0.037750806923497991, './CSDA_map3_3_7_1.txt': -1, './CSDA_map3_1_1_2.txt': -1, './CSDA_map2_5_5_1.txt': -1, './CSDA_map3_6_1_1.txt': -1, './CSDA_map3_3_7_4.txt': -1, './CSDA_map2_1_1_0.txt': -1, './CSDA_map3_4_5_0.txt': -1, './CSDA_com1building_35_7_1.txt': 0.14506419090447523, './CSDA_map4_7_1_2.txt': -1, './CSDA_map2_3_7_2.txt': 0.15719810104693935, './CSDA_com1building_48_18_3.txt': 0.041284782429196601, './CSDA_map4_5_5_0.txt': 0.19423132951345051, './CSDA_map2_5_5_0.txt': -1, './CSDA_map2_3_7_1.txt': 0.14858841010401189, './CSDA_map3_1_1_1.txt': -1, './CSDA_com1building_35_7_2.txt': 0.14532771399505887, './CSDA_com1building_13_18_3.txt': -1, './CSDA_map3_1_9_3.txt': -1, './CSDA_com1building_48_18_0.txt': 0.041368896794944716, './CSDA_map1_8_8_0.txt': -1, './CSDA_map2_9_8_1.txt': 0.13289919595986444, './CSDA_com1building_36_10_4.txt': 0.10404744563520965, './CSDA_map3_6_1_2.txt': 0.18429782528566163, './CSDA_map4_9_9_0.txt': 0.14285714285714285, './CSDA_map1_8_8_2.txt': 0.071246130444540229, './CSDA_map1_8_8_4.txt': -1, './CSDA_com1building_30_16_4.txt': -1, './CSDA_map4_5_5_3.txt': 0.19602077820248945, './CSDA_map4_5_2_0.txt': 0.12405639603763871, './CSDA_map4_1_1_3.txt': 0.12403100775193798, './CSDA_map1_3_5_3.txt': 0.19466614755693984, './CSDA_map2_1_1_3.txt': 0.046230802659195769, './CSDA_map3_1_9_0.txt': 0.091806288730778063, './CSDA_com1building_1_1_0.txt': -1, './CSDA_map1_7_6_1.txt': 0.12331216474505206, './CSDA_map4_1_1_4.txt': 0.12403100775193798, './CSDA_map3_5_7_3.txt': -1, './CSDA_com1building_1_1_1.txt': -1, './CSDA_com1building_20_1_2.txt': 0.064981480278120743, './CSDA_com1building_48_18_4.txt': 0.041306098845494542, './CSDA_map2_3_1_2.txt': 0.31620553359683795, './CSDA_map1_7_6_3.txt': 0.12353304508956145, './CSDA_map4_7_1_0.txt': 0.098927135218554757, './CSDA_map4_1_1_2.txt': 0.12403100775193798, './CSDA_com1building_36_10_0.txt': 0.10392309690828788, './CSDA_map3_5_7_2.txt': -1, './CSDA_map3_1_9_1.txt': 0.09267582921698192, './CSDA_com1building_30_16_3.txt': 0.037871686937487103, './CSDA_map4_5_2_4.txt': 0.1231830500123183, './CSDA_map4_9_1_4.txt': -1, './CSDA_map2_1_1_2.txt': -1, './CSDA_map3_1_1_4.txt': -1, './CSDA_map3_1_9_2.txt': 0.093848247383980107, './CSDA_map4_5_5_4.txt': 0.19584226863683987, './CSDA_com1building_48_3_1.txt': -1, './CSDA_com1building_30_16_1.txt': 0.037865879056382293, './CSDA_map2_5_5_2.txt': 0.10012465519571867, './CSDA_map3_4_5_3.txt': -1, './CSDA_map3_5_7_1.txt': -1, './CSDA_com1building_1_1_3.txt': 0.023937475314478582, './CSDA_map2_1_1_1.txt': -1, './CSDA_map1_3_5_2.txt': 0.19164430816404754, './CSDA_map3_6_1_0.txt': 0.18053800324968408, './CSDA_map4_9_9_3.txt': 0.14285714285714285, './CSDA_map2_3_1_1.txt': 0.31620553359683795, './CSDA_com1building_13_18_1.txt': 0.039980329677798521, './CSDA_map2_1_1_4.txt': -1, './CSDA_map3_5_7_0.txt': 0.1063047768583005, './CSDA_com1building_20_1_1.txt': -1, './CSDA_com1building_1_1_4.txt': -1, './CSDA_map4_9_9_4.txt': 0.14285714285714285, './CSDA_map3_1_1_0.txt': 0.061849612666800675, './CSDA_map2_3_7_4.txt': 0.15320974413972729, './CSDA_com1building_13_18_0.txt': -1, './CSDA_map1_7_6_0.txt': -1, './CSDA_map1_7_6_2.txt': 0.12347965672655428, './CSDA_map4_9_1_3.txt': 0.088140672513331283, './CSDA_map2_5_5_4.txt': -1, './CSDA_map4_9_9_2.txt': 0.14285714285714285, './CSDA_com1building_13_18_4.txt': 0.040071326961992344, './CSDA_map1_8_8_3.txt': 0.070863937696425974, './CSDA_map3_5_7_4.txt': -1, './CSDA_map2_3_1_0.txt': 0.31620553359683795, './CSDA_com1building_30_16_2.txt': 0.037814903609810699, './CSDA_map3_6_1_4.txt': -1, './CSDA_map3_1_9_4.txt': -1, './CSDA_map4_7_1_4.txt': -1, './CSDA_map4_7_1_3.txt': 0.099230960059538575, './CSDA_com1building_48_18_2.txt': 0.041281033016570205, './CSDA_map4_9_1_2.txt': 0.087561840549888359, './CSDA_map2_9_8_3.txt': 0.13327114013460387, './CSDA_com1building_40_1_3.txt': 0.064043036920810772, './CSDA_map3_3_7_2.txt': -1, './CSDA_com1building_36_10_2.txt': 0.10434056761268781, './CSDA_map4_1_1_1.txt': 0.12403100775193798, './CSDA_map4_5_2_3.txt': -1, './CSDA_map3_4_5_2.txt': 0.053879861916689885, './CSDA_com1building_13_18_2.txt': 0.040069641036120783, './CSDA_map4_9_1_1.txt': -1, './CSDA_map2_3_1_3.txt': 0.31620553359683795, './CSDA_map1_3_5_4.txt': 0.18959143046734289, './CSDA_com1building_40_1_0.txt': -1, './CSDA_com1building_48_18_1.txt': 0.041315485043794412, './CSDA_com1building_36_10_3.txt': 0.1038216758894922, './CSDA_com1building_48_3_3.txt': 0.050160513643659713, './CSDA_com1building_1_1_2.txt': 0.023875237558613708, './CSDA_map3_6_1_3.txt': 0.18394187436769982, './CSDA_map1_3_5_0.txt': 0.19359210144226116, './CSDA_map3_4_5_4.txt': 0.053679602556222665, './CSDA_map3_1_1_3.txt': -1, './CSDA_com1building_35_7_4.txt': 0.14512734924896598, './CSDA_com1building_20_1_0.txt': 0.065025847774490358, './CSDA_com1building_48_3_2.txt': 0.050265148659177167, './CSDA_map2_5_5_3.txt': -1, './CSDA_com1building_48_3_4.txt': -1}
